gcp: cannot stat '/Users/philipp/git/dump/odm/lib64/camera/com.qti.sensormodule.shine_gc5035.bin': No such file or directory
gcp: cannot stat '/Users/philipp/git/dump/odm/lib64/camera/com.qti.sensormodule.semco_s5k3m5.bin': No such file or directory
gcp: cannot stat '/Users/philipp/git/dump/odm/lib64/camera/com.qti.sensormodule.semco_imx586_BG.bin': No such file or directory
gcp: cannot stat '/Users/philipp/git/dump/odm/lib64/camera/com.qti_instantnoodlep.sensor.imx689.so': No such file or directory
gcp: cannot stat '/Users/philipp/git/dump/odm/lib64/camera/com.qti_instantnoodlep.sensor.s5k3m5.so': No such file or directory
gcp: cannot stat '/Users/philipp/git/dump/odm/lib64/camera/com.qti_instantnoodlep.sensor.gc5035.so': No such file or directory
gcp: cannot stat '/Users/philipp/git/dump/odm/lib64/camera/com.qti.sensormodule.semco_imx689.bin': No such file or directory
gcp: cannot stat '/Users/philipp/git/dump/odm/lib64/camera/com.qti.tuned.semco_imx586.bin': No such file or directory
gcp: cannot stat '/Users/philipp/git/dump/odm/lib64/camera/com.qti.tuned.truly_imx471.bin': No such file or directory
gcp: cannot stat '/Users/philipp/git/dump/odm/lib64/camera/com.qti_instantnoodlep.sensor.imx586.so': No such file or directory
gcp: cannot stat '/Users/philipp/git/dump/odm/lib64/camera/com.qti.tuned.semco_imx586_BG.bin': No such file or directory
gcp: cannot stat '/Users/philipp/git/dump/odm/lib64/camera/com.qti.tuned.semco_s5k3m5.bin': No such file or directory
gcp: cannot stat '/Users/philipp/git/dump/odm/lib64/camera/com.qti.tuned.shine_gc5035.bin': No such file or directory
gcp: cannot stat '/Users/philipp/git/dump/odm/lib64/camera/com.qti_instantnoodlep.sensor.imx471.so': No such file or directory
gcp: cannot stat '/Users/philipp/git/dump/odm/lib64/camera/com.qti.sensormodule.truly_imx471.bin': No such file or directory
gcp: cannot stat '/Users/philipp/git/dump/odm/lib64/camera/com.qti.sensormodule.semco_imx586.bin': No such file or directory
gcp: cannot stat '/Users/philipp/git/dump/odm/lib64/camera/com.qti.tuned.semco_imx689.bin': No such file or directory
gcp: cannot stat '/Users/philipp/git/dump/odm/lib64/camera/com.qti.sensormodule.semco_imx689_MP.bin': No such file or directory
gcp: cannot stat '/Users/philipp/git/dump/odm/etc/wifi/bdwlan.elf': No such file or directory
gcp: cannot stat '/Users/philipp/git/dump/odm/etc/init/calibrationOutput_IR.rc': No such file or directory
gcp: cannot stat '/Users/philipp/git/dump/odm/etc/init/calibrationOutput_wt.rc': No such file or directory
gcp: cannot stat '/Users/philipp/git/dump/odm/etc/init/calibrationOutput_uw.rc': No such file or directory
gcp: cannot stat '/Users/philipp/git/dump/odm/etc/inparm/irissoft/inParm18.txt': No such file or directory
gcp: cannot stat '/Users/philipp/git/dump/odm/etc/inparm/irissoft/mcfCheck.txt': No such file or directory
gcp: cannot stat '/Users/philipp/git/dump/odm/etc/inparm/irissoft/inParm9.txt': No such file or directory
gcp: cannot stat '/Users/philipp/git/dump/odm/etc/inparm/irissoft/inParm8.txt': No such file or directory
gcp: cannot stat '/Users/philipp/git/dump/odm/etc/inparm/irissoft/inParm1.txt': No such file or directory
gcp: cannot stat '/Users/philipp/git/dump/odm/etc/inparm/irissoft/inParm3.txt': No such file or directory
gcp: cannot stat '/Users/philipp/git/dump/odm/etc/inparm/irissoft/inParm2.txt': No such file or directory
gcp: cannot stat '/Users/philipp/git/dump/odm/etc/inparm/irissoft/inParm6.txt': No such file or directory
gcp: cannot stat '/Users/philipp/git/dump/odm/etc/inparm/irissoft/inParm7.txt': No such file or directory
gcp: cannot stat '/Users/philipp/git/dump/odm/etc/inparm/irissoft/inParm5.txt': No such file or directory
gcp: cannot stat '/Users/philipp/git/dump/odm/etc/inparm/irissoft/inParm4.txt': No such file or directory
gcp: cannot stat '/Users/philipp/git/dump/odm/etc/inparm/irissoft/inParm11.txt': No such file or directory
gcp: cannot stat '/Users/philipp/git/dump/odm/etc/inparm/irissoft/inParm10.txt': No such file or directory
gcp: cannot stat '/Users/philipp/git/dump/odm/etc/inparm/irissoft/inParm12.txt': No such file or directory
gcp: cannot stat '/Users/philipp/git/dump/odm/etc/inparm/irissoft/inParm13.txt': No such file or directory
gcp: cannot stat '/Users/philipp/git/dump/odm/etc/inparm/irissoft/inParm17.txt': No such file or directory
gcp: cannot stat '/Users/philipp/git/dump/odm/etc/inparm/irissoft/inParm16.txt': No such file or directory
gcp: cannot stat '/Users/philipp/git/dump/odm/etc/inparm/irissoft/inParm14.txt': No such file or directory
gcp: cannot stat '/Users/philipp/git/dump/odm/etc/inparm/irissoft/inParm15.txt': No such file or directory
gcp: cannot stat '/Users/philipp/git/dump/odm/etc/inparm/iris5/inParm18.txt': No such file or directory
gcp: cannot stat '/Users/philipp/git/dump/odm/etc/inparm/iris5/inParm9.txt': No such file or directory
gcp: cannot stat '/Users/philipp/git/dump/odm/etc/inparm/iris5/inParm8.txt': No such file or directory
gcp: cannot stat '/Users/philipp/git/dump/odm/etc/inparm/iris5/inParm1.txt': No such file or directory
gcp: cannot stat '/Users/philipp/git/dump/odm/etc/inparm/iris5/inParm3.txt': No such file or directory
gcp: cannot stat '/Users/philipp/git/dump/odm/etc/inparm/iris5/inParm2.txt': No such file or directory
gcp: cannot stat '/Users/philipp/git/dump/odm/etc/inparm/iris5/inParm6.txt': No such file or directory
gcp: cannot stat '/Users/philipp/git/dump/odm/etc/inparm/iris5/inParm7.txt': No such file or directory
gcp: cannot stat '/Users/philipp/git/dump/odm/etc/inparm/iris5/inParm5.txt': No such file or directory
gcp: cannot stat '/Users/philipp/git/dump/odm/etc/inparm/iris5/inParm4.txt': No such file or directory
gcp: cannot stat '/Users/philipp/git/dump/odm/etc/inparm/iris5/inParm11.txt': No such file or directory
gcp: cannot stat '/Users/philipp/git/dump/odm/etc/inparm/iris5/inParm10.txt': No such file or directory
gcp: cannot stat '/Users/philipp/git/dump/odm/etc/inparm/iris5/inParm12.txt': No such file or directory
gcp: cannot stat '/Users/philipp/git/dump/odm/etc/inparm/iris5/inParm13.txt': No such file or directory
gcp: cannot stat '/Users/philipp/git/dump/odm/etc/inparm/iris5/inParm17.txt': No such file or directory
gcp: cannot stat '/Users/philipp/git/dump/odm/etc/inparm/iris5/inParm16.txt': No such file or directory
gcp: cannot stat '/Users/philipp/git/dump/odm/etc/inparm/iris5/inParm14.txt': No such file or directory
gcp: cannot stat '/Users/philipp/git/dump/odm/etc/inparm/iris5/inParm15.txt': No such file or directory
gcp: cannot stat '/Users/philipp/git/dump/odm/etc/camera/darksight/darksight_ultrawide.bin': No such file or directory
gcp: cannot stat '/Users/philipp/git/dump/odm/etc/camera/darksight/darksight_main.bin': No such file or directory
gcp: cannot stat '/Users/philipp/git/dump/odm/etc/camera/calibrationOutput_IR.bin': No such file or directory
gcp: cannot stat '/Users/philipp/git/dump/odm/etc/camera/distortion_result.bin': No such file or directory
gcp: cannot stat '/Users/philipp/git/dump/odm/etc/camera/calibrationOutput_wt.bin': No such file or directory
gcp: cannot stat '/Users/philipp/git/dump/odm/etc/camera/ashdr/ncf_pack_imx689.ncf': No such file or directory
gcp: cannot stat '/Users/philipp/git/dump/odm/etc/camera/ashdr/ncf_pack_imx471.ncf': No such file or directory
gcp: cannot stat '/Users/philipp/git/dump/odm/etc/camera/ashdr/ncf_pack_s5k3m5.ncf': No such file or directory
gcp: cannot stat '/Users/philipp/git/dump/odm/etc/camera/ashdr/ncf_pack_imx586.ncf': No such file or directory
gcp: cannot stat '/Users/philipp/git/dump/odm/etc/camera/ashdr/ncf_pack.ncf': No such file or directory
gcp: cannot stat '/Users/philipp/git/dump/odm/etc/camera/calibrationOutput_uw.bin': No such file or directory
gcp: cannot stat '/Users/philipp/git/dump/odm/etc/irissoft.fw': No such file or directory
gcp: cannot stat '/Users/philipp/git/dump/odm/etc/sensor/config/kona_qrd_sx9324up_0.json': No such file or directory
gcp: cannot stat '/Users/philipp/git/dump/odm/etc/sensor/config/kona_T0_tcs3408.json': No such file or directory
gcp: cannot stat '/Users/philipp/git/dump/odm/etc/sensor/config/kona_qrd_sx9324_0.json': No such file or directory
gcp: cannot stat '/Users/philipp/git/dump/odm/etc/sensor/config/kona_qrd_icm4x6xx.json': No such file or directory
gcp: cannot stat '/Users/philipp/git/dump/odm/etc/sensor/config/kona_qrd_lsm6dso.json': No such file or directory
gcp: cannot stat '/Users/philipp/git/dump/odm/etc/sensor/config/kona_qrd_sx933x_0.json': No such file or directory
gcp: cannot stat '/Users/philipp/git/dump/odm/etc/sensor/config/kona_stk3a6x_0.json': No such file or directory
gcp: cannot stat '/Users/philipp/git/dump/odm/etc/sensor/config/kona_qrd_lsm6dsm_0.json': No such file or directory
gcp: cannot stat '/Users/philipp/git/dump/odm/etc/sensor/config/kona_qrd_ak991x_0.json': No such file or directory
gcp: cannot stat '/Users/philipp/git/dump/odm/etc/sensor/config/kona_qrd_tcs3707.json': No such file or directory
gcp: cannot stat '/Users/philipp/git/dump/odm/etc/sensor/config/kona_qrd_mmc5603x_0.json': No such file or directory
gcp: cannot stat '/Users/philipp/git/dump/odm/etc/sensor/config/kona_qrd_tcs3408.json': No such file or directory
gcp: cannot stat '/Users/philipp/git/dump/odm/etc/sensor/config/kona_qrd_cct.json': No such file or directory
gcp: cannot stat '/Users/philipp/git/dump/odm/etc/sensor/config/kona_qrd_stk2232_0.json': No such file or directory
gcp: cannot stat '/Users/philipp/git/dump/odm/etc/sensor/config/kona_qrd_cct_rear.json': No such file or directory
gcp: cannot stat '/Users/philipp/git/dump/odm/etc/sensor/config/kona_qrd_bmi26x_0.json': No such file or directory
gcp: cannot stat '/Users/philipp/git/dump/odm/vendor/firmware/gfp9638.b01': No such file or directory
gcp: cannot stat '/Users/philipp/git/dump/odm/vendor/firmware/gfp9638.b06': No such file or directory
gcp: cannot stat '/Users/philipp/git/dump/odm/vendor/firmware/gfp9638.b07': No such file or directory
gcp: cannot stat '/Users/philipp/git/dump/odm/vendor/firmware/gfp9638.b00': No such file or directory
gcp: cannot stat '/Users/philipp/git/dump/odm/vendor/firmware/iris5_ccf1.fw': No such file or directory
gcp: cannot stat '/Users/philipp/git/dump/odm/vendor/firmware/gfp9608.b03': No such file or directory
gcp: cannot stat '/Users/philipp/git/dump/odm/vendor/firmware/gfp9608.b04': No such file or directory
gcp: cannot stat '/Users/philipp/git/dump/odm/vendor/firmware/gfp9608.b05': No such file or directory
gcp: cannot stat '/Users/philipp/git/dump/odm/vendor/firmware/gfp9608.b02': No such file or directory
gcp: cannot stat '/Users/philipp/git/dump/odm/vendor/firmware/gfp9638.mdt': No such file or directory
gcp: cannot stat '/Users/philipp/git/dump/odm/vendor/firmware/gfp9638.b05': No such file or directory
gcp: cannot stat '/Users/philipp/git/dump/odm/vendor/firmware/gfp9638.b02': No such file or directory
gcp: cannot stat '/Users/philipp/git/dump/odm/vendor/firmware/gfp9608.mdt': No such file or directory
gcp: cannot stat '/Users/philipp/git/dump/odm/vendor/firmware/gfp9638.b03': No such file or directory
gcp: cannot stat '/Users/philipp/git/dump/odm/vendor/firmware/gfp9638.b04': No such file or directory
gcp: cannot stat '/Users/philipp/git/dump/odm/vendor/firmware/iris5_ccf2.fw': No such file or directory
gcp: cannot stat '/Users/philipp/git/dump/odm/vendor/firmware/gfp9608.b07': No such file or directory
gcp: cannot stat '/Users/philipp/git/dump/odm/vendor/firmware/gfp9608.b00': No such file or directory
gcp: cannot stat '/Users/philipp/git/dump/odm/vendor/firmware/gfp9608.b01': No such file or directory
gcp: cannot stat '/Users/philipp/git/dump/odm/vendor/firmware/iris5.fw': No such file or directory
gcp: cannot stat '/Users/philipp/git/dump/odm/vendor/firmware/gfp9608.b06': No such file or directory
